<?xml version="1.0" encoding="UTF-8"?>
<!-- Generated by org.testng.reporters.JUnitReportReporter -->
<testsuite hostname="DESKTOP-N5GNGCF" failures="0" tests="1" name="DashboardTest" time="23.937" errors="0" timestamp="2022-06-15T12:01:06 IST" skipped="0">
  <testcase classname="DashboardTest" name="startInvestingTest" time="23.937"/>
  <system-out/>
</testsuite> <!-- DashboardTest -->
